[debug] [2023-05-20T16:46:28.476Z] ----------------------------------------------------------------------
[debug] [2023-05-20T16:46:28.479Z] Command:       C:\Users\asubh\AppData\Roaming\npm\node_modules\node\bin\node.exe C:\Users\asubh\AppData\Roaming\npm\node_modules\firebase-tools\lib\bin\firebase.js init
[debug] [2023-05-20T16:46:28.479Z] CLI Version:   12.0.0
[debug] [2023-05-20T16:46:28.479Z] Platform:      win32
[debug] [2023-05-20T16:46:28.479Z] Node Version:  v20.1.0
[debug] [2023-05-20T16:46:28.480Z] Time:          Sat May 20 2023 22:16:28 GMT+0530 (India Standard Time)
[debug] [2023-05-20T16:46:28.480Z] ----------------------------------------------------------------------
[debug] 
[debug] [2023-05-20T16:46:28.550Z] > command requires scopes: ["email","openid","https://www.googleapis.com/auth/cloudplatformprojects.readonly","https://www.googleapis.com/auth/firebase","https://www.googleapis.com/auth/cloud-platform"]
[debug] [2023-05-20T16:46:28.550Z] > authorizing via signed-in user (subhamcool796@gmail.com)
[info] 
     ######## #### ########  ######## ########     ###     ######  ########
     ##        ##  ##     ## ##       ##     ##  ##   ##  ##       ##
     ######    ##  ########  ######   ########  #########  ######  ######
     ##        ##  ##    ##  ##       ##     ## ##     ##       ## ##
     ##       #### ##     ## ######## ########  ##     ##  ######  ########

You're about to initialize a Firebase project in this directory:

  D:\React Project\chat-app-starter-master

Before we get started, keep in mind:

  * You are initializing within an existing Firebase project directory

[info] 
=== Project Setup
[info] 
[info] First, let's associate this project directory with a Firebase project.
[info] You can create multiple project aliases by running firebase use --add, 
[info] but for now we'll just set up a default project.
[info] 
[debug] [2023-05-20T16:46:42.791Z] Using project from CLI flag: chat-app-68cee
[debug] [2023-05-20T16:46:42.793Z] >>> [apiv2][query] GET https://firebase.googleapis.com/v1beta1/projects/chat-app-68cee [none]
[debug] [2023-05-20T16:46:43.265Z] <<< [apiv2][status] GET https://firebase.googleapis.com/v1beta1/projects/chat-app-68cee 200
[debug] [2023-05-20T16:46:43.265Z] <<< [apiv2][body] GET https://firebase.googleapis.com/v1beta1/projects/chat-app-68cee {"projectId":"chat-app-68cee","projectNumber":"204293684184","displayName":"Chat-app","name":"projects/chat-app-68cee","resources":{"hostingSite":"chat-app-68cee","realtimeDatabaseInstance":"chat-app-68cee-default-rtdb","storageBucket":"chat-app-68cee.appspot.com","locationId":"asia-south1"},"state":"ACTIVE","etag":"1_067dd07b-8a68-49fd-bb7f-1c8627ccc2c4"}
[info] i  Using project chat-app-68cee (Chat-app) 
[info] 
=== Database Setup
[info] i  database: ensuring required API firebasedatabase.googleapis.com is enabled... 
[debug] [2023-05-20T16:46:43.273Z] >>> [apiv2][query] GET https://serviceusage.googleapis.com/v1/projects/chat-app-68cee/services/firebasedatabase.googleapis.com [none]
[debug] [2023-05-20T16:46:43.273Z] >>> [apiv2][(partial)header] GET https://serviceusage.googleapis.com/v1/projects/chat-app-68cee/services/firebasedatabase.googleapis.com x-goog-quota-user=projects/chat-app-68cee
[debug] [2023-05-20T16:46:52.568Z] Error: Timed out.
    at Timeout._onTimeout (C:\Users\asubh\AppData\Roaming\npm\node_modules\firebase-tools\lib\utils.js:253:49)
    at listOnTimeout (node:internal/timers:573:17)
    at process.processTimers (node:internal/timers:514:7)
[error] 
[error] Error: An unexpected error has occurred.
[debug] [2023-05-20T16:47:00.619Z] ----------------------------------------------------------------------
[debug] [2023-05-20T16:47:00.621Z] Command:       C:\Users\asubh\AppData\Roaming\npm\node_modules\node\bin\node.exe C:\Users\asubh\AppData\Roaming\npm\node_modules\firebase-tools\lib\bin\firebase.js init
[debug] [2023-05-20T16:47:00.622Z] CLI Version:   12.0.0
[debug] [2023-05-20T16:47:00.622Z] Platform:      win32
[debug] [2023-05-20T16:47:00.622Z] Node Version:  v20.1.0
[debug] [2023-05-20T16:47:00.622Z] Time:          Sat May 20 2023 22:17:00 GMT+0530 (India Standard Time)
[debug] [2023-05-20T16:47:00.622Z] ----------------------------------------------------------------------
[debug] 
[debug] [2023-05-20T16:47:00.694Z] > command requires scopes: ["email","openid","https://www.googleapis.com/auth/cloudplatformprojects.readonly","https://www.googleapis.com/auth/firebase","https://www.googleapis.com/auth/cloud-platform"]
[debug] [2023-05-20T16:47:00.694Z] > authorizing via signed-in user (subhamcool796@gmail.com)
[info] 
     ######## #### ########  ######## ########     ###     ######  ########
     ##        ##  ##     ## ##       ##     ##  ##   ##  ##       ##
     ######    ##  ########  ######   ########  #########  ######  ######
     ##        ##  ##    ##  ##       ##     ## ##     ##       ## ##
     ##       #### ##     ## ######## ########  ##     ##  ######  ########

You're about to initialize a Firebase project in this directory:

  D:\React Project\chat-app-starter-master

Before we get started, keep in mind:

  * You are initializing within an existing Firebase project directory

[info] 
=== Project Setup
[info] 
[info] First, let's associate this project directory with a Firebase project.
[info] You can create multiple project aliases by running firebase use --add, 
[info] but for now we'll just set up a default project.
[info] 
[debug] [2023-05-20T16:47:08.837Z] Using project from CLI flag: chat-app-68cee
[debug] [2023-05-20T16:47:08.840Z] >>> [apiv2][query] GET https://firebase.googleapis.com/v1beta1/projects/chat-app-68cee [none]
[debug] [2023-05-20T16:47:13.105Z] Failed to make request to https://firebase.googleapis.com/v1beta1/projects/chat-app-68cee
[debug] [2023-05-20T16:47:13.306Z] FirebaseError: Failed to make request to https://firebase.googleapis.com/v1beta1/projects/chat-app-68cee
    at RetryOperation._fn (C:\Users\asubh\AppData\Roaming\npm\node_modules\firebase-tools\lib\apiv2.js:242:31)
    at process.processTicksAndRejections (node:internal/process/task_queues:95:5)
[error] 
[error] Error: Failed to get Firebase project chat-app-68cee. Please make sure the project exists and your account has permission to access it.
